<?xml version="1.0" encoding="UTF-8"?>
<!-- Generated by org.testng.reporters.JUnitXMLReporter -->
<testsuite ignored="0" hostname="krushabh" failures="0" tests="3" name="Test" time="12.288" errors="0" timestamp="2023-06-26T22:02:12 IST">
  <testcase classname="TEST_Classes.Patch_TC1" name="extractor" time="6.689"/>
  <testcase classname="TEST_Classes.Put_TC1" name="extractor" time="1.763"/>
  <testcase classname="TEST_Classes.Post_TC1" name="extractor" time="3.475"/>
</testsuite> <!-- Test -->
