<?xml version="1.0" encoding="UTF-8"?>
<testng-results ignored="0" total="3" passed="3" failed="0" skipped="0">
  <reporter-output>
  </reporter-output>
  <suite started-at="2023-06-26T22:02:00 IST" name="Suite" finished-at="2023-06-26T22:02:12 IST" duration-ms="12288">
    <groups>
    </groups>
    <test started-at="2023-06-26T22:02:00 IST" name="Test" finished-at="2023-06-26T22:02:12 IST" duration-ms="12288">
      <class name="TEST_Classes.Patch_TC1">
        <test-method signature="extractor()[pri:0, instance:TEST_Classes.Patch_TC1@54eb2b70]" started-at="2023-06-26T22:02:00 IST" name="extractor" finished-at="2023-06-26T22:02:07 IST" duration-ms="6689" status="PASS">
          <reporter-output>
          </reporter-output>
        </test-method> <!-- extractor -->
      </class> <!-- TEST_Classes.Patch_TC1 -->
      <class name="TEST_Classes.Put_TC1">
        <test-method signature="extractor()[pri:0, instance:TEST_Classes.Put_TC1@3688eb5b]" started-at="2023-06-26T22:02:07 IST" name="extractor" finished-at="2023-06-26T22:02:09 IST" duration-ms="1763" status="PASS">
          <reporter-output>
          </reporter-output>
        </test-method> <!-- extractor -->
      </class> <!-- TEST_Classes.Put_TC1 -->
      <class name="TEST_Classes.Post_TC1">
        <test-method signature="extractor()[pri:0, instance:TEST_Classes.Post_TC1@69f1a286]" started-at="2023-06-26T22:02:09 IST" name="extractor" finished-at="2023-06-26T22:02:12 IST" duration-ms="3475" status="PASS">
          <reporter-output>
          </reporter-output>
        </test-method> <!-- extractor -->
      </class> <!-- TEST_Classes.Post_TC1 -->
    </test> <!-- Test -->
  </suite> <!-- Suite -->
</testng-results>
